[ 2016-04-06T13:49:54+08:00 ] 192.168.1.2 /
INFO: [ app_init ] --START--
INFO: Run Behavior\BuildLiteBehavior [ RunTime:0.000000s ]
INFO: [ app_init ] --END-- [ RunTime:0.001000s ]
INFO: [ app_begin ] --START--
INFO: Run Behavior\ReadHtmlCacheBehavior [ RunTime:0.001000s ]
INFO: [ app_begin ] --END-- [ RunTime:0.001000s ]
INFO: [ view_parse ] --START--
INFO: [ template_filter ] --START--
INFO: Run Behavior\ContentReplaceBehavior [ RunTime:0.001000s ]
INFO: [ template_filter ] --END-- [ RunTime:0.001000s ]
INFO: Run Behavior\ParseTemplateBehavior [ RunTime:0.010001s ]
INFO: [ view_parse ] --END-- [ RunTime:0.010001s ]
INFO: [ view_filter ] --START--
INFO: Run Behavior\WriteHtmlCacheBehavior [ RunTime:0.001000s ]
INFO: [ view_filter ] --END-- [ RunTime:0.001000s ]
INFO: [ app_end ] --START--
INFO: Run Behavior\ShowPageTraceBehavior [ RunTime:0.001000s ]
INFO: [ app_end ] --END-- [ RunTime:0.001000s ]

[ 2016-04-06T13:49:56+08:00 ] 192.168.1.2 /
INFO: [ app_init ] --START--
INFO: Run Behavior\BuildLiteBehavior [ RunTime:0.000000s ]
INFO: [ app_init ] --END-- [ RunTime:0.001000s ]
INFO: [ app_begin ] --START--
INFO: Run Behavior\ReadHtmlCacheBehavior [ RunTime:0.001000s ]
INFO: [ app_begin ] --END-- [ RunTime:0.001000s ]
INFO: [ view_parse ] --START--
INFO: Run Behavior\ParseTemplateBehavior [ RunTime:0.001000s ]
INFO: [ view_parse ] --END-- [ RunTime:0.001000s ]
INFO: [ view_filter ] --START--
INFO: Run Behavior\WriteHtmlCacheBehavior [ RunTime:0.000000s ]
INFO: [ view_filter ] --END-- [ RunTime:0.001000s ]
INFO: [ app_end ] --START--
INFO: Run Behavior\ShowPageTraceBehavior [ RunTime:0.001001s ]
INFO: [ app_end ] --END-- [ RunTime:0.001001s ]

[ 2016-04-06T14:17:22+08:00 ] 192.168.1.2 /index.php/Admin/Video/add_video
INFO: [ app_init ] --START--
INFO: Run Behavior\BuildLiteBehavior [ RunTime:0.000000s ]
INFO: [ app_init ] --END-- [ RunTime:0.000000s ]
INFO: [ app_begin ] --START--
INFO: Run Behavior\ReadHtmlCacheBehavior [ RunTime:0.001000s ]
INFO: [ app_begin ] --END-- [ RunTime:0.001000s ]
INFO: [ view_parse ] --START--
INFO: [ template_filter ] --START--
INFO: Run Behavior\ContentReplaceBehavior [ RunTime:0.003000s ]
INFO: [ template_filter ] --END-- [ RunTime:0.003000s ]
NOTIC: [8] Undefined variable: smarty C:\wamp\www\movie\Runtime\Cache\Admin\0014bc76faad00da6e602d58487313b7.php 第 7 行.
NOTIC: [8] Undefined variable: smarty C:\wamp\www\movie\Runtime\Cache\Admin\0014bc76faad00da6e602d58487313b7.php 第 13 行.
NOTIC: [8] Undefined variable: smarty C:\wamp\www\movie\Runtime\Cache\Admin\0014bc76faad00da6e602d58487313b7.php 第 14 行.
NOTIC: [8] Undefined variable: smarty C:\wamp\www\movie\Runtime\Cache\Admin\0014bc76faad00da6e602d58487313b7.php 第 18 行.
NOTIC: [8] Undefined variable: info C:\wamp\www\movie\Runtime\Cache\Admin\0014bc76faad00da6e602d58487313b7.php 第 19 行.
NOTIC: [8] Undefined variable: v C:\wamp\www\movie\Runtime\Cache\Admin\0014bc76faad00da6e602d58487313b7.php 第 25 行.
NOTIC: [8] Undefined variable: v C:\wamp\www\movie\Runtime\Cache\Admin\0014bc76faad00da6e602d58487313b7.php 第 25 行.
INFO: Run Behavior\ParseTemplateBehavior [ RunTime:0.015001s ]
INFO: [ view_parse ] --END-- [ RunTime:0.016001s ]
INFO: [ view_filter ] --START--
INFO: Run Behavior\WriteHtmlCacheBehavior [ RunTime:0.000000s ]
INFO: [ view_filter ] --END-- [ RunTime:0.001000s ]
INFO: [ app_end ] --START--
INFO: Run Behavior\ShowPageTraceBehavior [ RunTime:0.001000s ]
INFO: [ app_end ] --END-- [ RunTime:0.001000s ]

[ 2016-04-06T14:17:22+08:00 ] 192.168.1.2 /index.php/Admin/Video/bootstrap.min.css
INFO: [ app_init ] --START--
INFO: Run Behavior\BuildLiteBehavior [ RunTime:0.000000s ]
INFO: [ app_init ] --END-- [ RunTime:0.000000s ]
INFO: [ app_begin ] --START--
INFO: Run Behavior\ReadHtmlCacheBehavior [ RunTime:0.001000s ]
INFO: [ app_begin ] --END-- [ RunTime:0.001000s ]
ERR: 非法操作:bootstrap.min.css

[ 2016-04-06T14:17:22+08:00 ] 192.168.1.2 /index.php/Admin/Video/bootstrap.min.js
INFO: [ app_init ] --START--
INFO: Run Behavior\BuildLiteBehavior [ RunTime:0.000000s ]
INFO: [ app_init ] --END-- [ RunTime:0.000000s ]
INFO: [ app_begin ] --START--
INFO: Run Behavior\ReadHtmlCacheBehavior [ RunTime:0.001000s ]
INFO: [ app_begin ] --END-- [ RunTime:0.002001s ]
ERR: 非法操作:bootstrap.min.js

[ 2016-04-06T14:17:22+08:00 ] 192.168.1.2 /index.php/Admin/Video/jquery.min.js
INFO: [ app_init ] --START--
INFO: Run Behavior\BuildLiteBehavior [ RunTime:0.000000s ]
INFO: [ app_init ] --END-- [ RunTime:0.001000s ]
INFO: [ app_begin ] --START--
INFO: Run Behavior\ReadHtmlCacheBehavior [ RunTime:0.001000s ]
INFO: [ app_begin ] --END-- [ RunTime:0.002000s ]
ERR: 非法操作:jquery.min.js

[ 2016-04-06T14:17:22+08:00 ] 192.168.1.2 /index.php/Admin/Video/bootstrap.min.js
INFO: [ app_init ] --START--
INFO: Run Behavior\BuildLiteBehavior [ RunTime:0.001000s ]
INFO: [ app_init ] --END-- [ RunTime:0.001000s ]
INFO: [ app_begin ] --START--
INFO: Run Behavior\ReadHtmlCacheBehavior [ RunTime:0.000000s ]
INFO: [ app_begin ] --END-- [ RunTime:0.001000s ]
ERR: 非法操作:bootstrap.min.js

[ 2016-04-06T14:26:08+08:00 ] 192.168.1.2 /index.php/Admin/Video/add_video
INFO: [ app_init ] --START--
INFO: Run Behavior\BuildLiteBehavior [ RunTime:0.000000s ]
INFO: [ app_init ] --END-- [ RunTime:0.001000s ]
INFO: [ app_begin ] --START--
INFO: Run Behavior\ReadHtmlCacheBehavior [ RunTime:0.001000s ]
INFO: [ app_begin ] --END-- [ RunTime:0.001000s ]
INFO: [ view_parse ] --START--
NOTIC: [2] filemtime(): stat failed for ./Runtime/Cache\d3b9500d602af96b3f8eca2f3d6a6a2be743d175.file.add_video.html.php C:\wamp\www\movie\ThinkPHP\Library\Vendor\Smarty\sysplugins\smarty_resource.php 第 683 行.
NOTIC: [2] unlink(./Runtime/Cache\d3b9500d602af96b3f8eca2f3d6a6a2be743d175.file.add_video.html.php): No such file or directory C:\wamp\www\movie\ThinkPHP\Library\Vendor\Smarty\sysplugins\smarty_internal_write_file.php 第 49 行.
NOTIC: [8] Undefined index: info C:\wamp\www\movie\Runtime\Cache\d3b9500d602af96b3f8eca2f3d6a6a2be743d175.file.add_video.html.php 第 50 行.
NOTIC: [8] Trying to get property of non-object C:\wamp\www\movie\Runtime\Cache\d3b9500d602af96b3f8eca2f3d6a6a2be743d175.file.add_video.html.php 第 50 行.
NOTIC: [8] Undefined index: name C:\wamp\www\movie\Runtime\Cache\d3b9500d602af96b3f8eca2f3d6a6a2be743d175.file.add_video.html.php 第 58 行.
NOTIC: [8] Trying to get property of non-object C:\wamp\www\movie\Runtime\Cache\d3b9500d602af96b3f8eca2f3d6a6a2be743d175.file.add_video.html.php 第 58 行.
INFO: Run Behavior\ParseTemplateBehavior [ RunTime:0.143008s ]
INFO: [ view_parse ] --END-- [ RunTime:0.145009s ]
INFO: [ view_filter ] --START--
INFO: Run Behavior\WriteHtmlCacheBehavior [ RunTime:0.001000s ]
INFO: [ view_filter ] --END-- [ RunTime:0.001000s ]
INFO: [ app_end ] --START--
INFO: Run Behavior\ShowPageTraceBehavior [ RunTime:0.001000s ]
INFO: [ app_end ] --END-- [ RunTime:0.001000s ]

